# JRE version: OpenJDK Runtime Environment (8.0_212-b04) (build 1.8.0_212-release-1586-b04)
# Java VM: OpenJDK 64-Bit Server VM (25.212-b04 mixed mode windows-amd64 compressed oops)
Heap:
 PSYoungGen      total 199168K, used 160158K [0x00000000e0000000, 0x00000000efb00000, 0x0000000100000000)
  eden space 177152K, 80% used [0x00000000e0000000,0x00000000e8b98178,0x00000000ead00000)
  from space 22016K, 78% used [0x00000000ead00000,0x00000000ebdcf818,0x00000000ec280000)
  to   space 24064K, 0% used [0x00000000ee380000,0x00000000ee380000,0x00000000efb00000)
 ParOldGen       total 97280K, used 37642K [0x00000000a0000000, 0x00000000a5f00000, 0x00000000e0000000)
  object space 97280K, 38% used [0x00000000a0000000,0x00000000a24c2ab0,0x00000000a5f00000)
 Metaspace       used 76202K, capacity 79320K, committed 79576K, reserved 1118208K
  class space    used 10493K, capacity 11144K, committed 11264K, reserved 1048576K
GC Heap History (10 events):
Event: 26.698 GC heap before
{Heap before GC invocations=12 (full 2):
 PSYoungGen      total 156672K, used 10709K [0x00000000e0000000, 0x00000000ea880000, 0x0000000100000000)
  eden space 145920K, 0% used [0x00000000e0000000,0x00000000e0000000,0x00000000e8e80000)
  from space 10752K, 99% used [0x00000000e9e00000,0x00000000ea875798,0x00000000ea880000)
  to   space 13312K, 0% used [0x00000000e8e80000,0x00000000e8e80000,0x00000000e9b80000)
 ParOldGen       total 37376K, used 12505K [0x00000000a0000000, 0x00000000a2480000, 0x00000000e0000000)
  object space 37376K, 33% used [0x00000000a0000000,0x00000000a0c36788,0x00000000a2480000)
 Metaspace       used 34597K, capacity 35382K, committed 35456K, reserved 1079296K
  class space    used 4752K, capacity 4964K, committed 4992K, reserved 1048576K
Event: 26.781 GC heap after
Heap after GC invocations=12 (full 2):
 PSYoungGen      total 156672K, used 0K [0x00000000e0000000, 0x00000000ea880000, 0x0000000100000000)
  eden space 145920K, 0% used [0x00000000e0000000,0x00000000e0000000,0x00000000e8e80000)
  from space 10752K, 0% used [0x00000000e9e00000,0x00000000e9e00000,0x00000000ea880000)
  to   space 13312K, 0% used [0x00000000e8e80000,0x00000000e8e80000,0x00000000e9b80000)
 ParOldGen       total 58880K, used 17388K [0x00000000a0000000, 0x00000000a3980000, 0x00000000e0000000)
  object space 58880K, 29% used [0x00000000a0000000,0x00000000a10fb200,0x00000000a3980000)
 Metaspace       used 34584K, capacity 35340K, committed 35456K, reserved 1079296K
  class space    used 4748K, capacity 4957K, committed 4992K, reserved 1048576K
}
Event: 32.797 GC heap before
{Heap before GC invocations=13 (full 2):
 PSYoungGen      total 156672K, used 145920K [0x00000000e0000000, 0x00000000ea880000, 0x0000000100000000)
  eden space 145920K, 100% used [0x00000000e0000000,0x00000000e8e80000,0x00000000e8e80000)
  from space 10752K, 0% used [0x00000000e9e00000,0x00000000e9e00000,0x00000000ea880000)
  to   space 13312K, 0% used [0x00000000e8e80000,0x00000000e8e80000,0x00000000e9b80000)
 ParOldGen       total 58880K, used 17388K [0x00000000a0000000, 0x00000000a3980000, 0x00000000e0000000)
  object space 58880K, 29% used [0x00000000a0000000,0x00000000a10fb200,0x00000000a3980000)
 Metaspace       used 47939K, capacity 49216K, committed 49536K, reserved 1091584K
  class space    used 6420K, capacity 6749K, committed 6784K, reserved 1048576K
Event: 32.824 GC heap after
Heap after GC invocations=13 (full 2):
 PSYoungGen      total 159232K, used 13305K [0x00000000e0000000, 0x00000000ed300000, 0x0000000100000000)
  eden space 145920K, 0% used [0x00000000e0000000,0x00000000e0000000,0x00000000e8e80000)
  from space 13312K, 99% used [0x00000000e8e80000,0x00000000e9b7e4d8,0x00000000e9b80000)
  to   space 16896K, 0% used [0x00000000ec280000,0x00000000ec280000,0x00000000ed300000)
 ParOldGen       total 58880K, used 22187K [0x00000000a0000000, 0x00000000a3980000, 0x00000000e0000000)
  object space 58880K, 37% used [0x00000000a0000000,0x00000000a15aaf38,0x00000000a3980000)
 Metaspace       used 47939K, capacity 49216K, committed 49536K, reserved 1091584K
  class space    used 6420K, capacity 6749K, committed 6784K, reserved 1048576K
}
Event: 39.725 GC heap before
{Heap before GC invocations=14 (full 2):
 PSYoungGen      total 159232K, used 148066K [0x00000000e0000000, 0x00000000ed300000, 0x0000000100000000)
  eden space 145920K, 92% used [0x00000000e0000000,0x00000000e839a518,0x00000000e8e80000)
  from space 13312K, 99% used [0x00000000e8e80000,0x00000000e9b7e4d8,0x00000000e9b80000)
  to   space 16896K, 0% used [0x00000000ec280000,0x00000000ec280000,0x00000000ed300000)
 ParOldGen       total 58880K, used 22187K [0x00000000a0000000, 0x00000000a3980000, 0x00000000e0000000)
  object space 58880K, 37% used [0x00000000a0000000,0x00000000a15aaf38,0x00000000a3980000)
 Metaspace       used 57117K, capacity 58996K, committed 59096K, reserved 1099776K
  class space    used 7879K, capacity 8388K, committed 8448K, reserved 1048576K
Event: 39.765 GC heap after
Heap after GC invocations=14 (full 2):
 PSYoungGen      total 194048K, used 16877K [0x00000000e0000000, 0x00000000edc00000, 0x0000000100000000)
  eden space 177152K, 0% used [0x00000000e0000000,0x00000000e0000000,0x00000000ead00000)
  from space 16896K, 99% used [0x00000000ec280000,0x00000000ed2fb7d0,0x00000000ed300000)
  to   space 22016K, 0% used [0x00000000ead00000,0x00000000ead00000,0x00000000ec280000)
 ParOldGen       total 58880K, used 29023K [0x00000000a0000000, 0x00000000a3980000, 0x00000000e0000000)
  object space 58880K, 49% used [0x00000000a0000000,0x00000000a1c57c90,0x00000000a3980000)
 Metaspace       used 57117K, capacity 58996K, committed 59096K, reserved 1099776K
  class space    used 7879K, capacity 8388K, committed 8448K, reserved 1048576K
}
Event: 39.765 GC heap before
{Heap before GC invocations=15 (full 3):
 PSYoungGen      total 194048K, used 16877K [0x00000000e0000000, 0x00000000edc00000, 0x0000000100000000)
  eden space 177152K, 0% used [0x00000000e0000000,0x00000000e0000000,0x00000000ead00000)
  from space 16896K, 99% used [0x00000000ec280000,0x00000000ed2fb7d0,0x00000000ed300000)
  to   space 22016K, 0% used [0x00000000ead00000,0x00000000ead00000,0x00000000ec280000)
 ParOldGen       total 58880K, used 29023K [0x00000000a0000000, 0x00000000a3980000, 0x00000000e0000000)
  object space 58880K, 49% used [0x00000000a0000000,0x00000000a1c57c90,0x00000000a3980000)
 Metaspace       used 57117K, capacity 58996K, committed 59096K, reserved 1099776K
  class space    used 7879K, capacity 8388K, committed 8448K, reserved 1048576K
Event: 40.010 GC heap after
Heap after GC invocations=15 (full 3):
 PSYoungGen      total 194048K, used 0K [0x00000000e0000000, 0x00000000edc00000, 0x0000000100000000)
  eden space 177152K, 0% used [0x00000000e0000000,0x00000000e0000000,0x00000000ead00000)
  from space 16896K, 0% used [0x00000000ec280000,0x00000000ec280000,0x00000000ed300000)
  to   space 22016K, 0% used [0x00000000ead00000,0x00000000ead00000,0x00000000ec280000)
 ParOldGen       total 97280K, used 37634K [0x00000000a0000000, 0x00000000a5f00000, 0x00000000e0000000)
  object space 97280K, 38% used [0x00000000a0000000,0x00000000a24c0ab0,0x00000000a5f00000)
 Metaspace       used 57117K, capacity 58996K, committed 59096K, reserved 1099776K
  class space    used 7879K, capacity 8388K, committed 8448K, reserved 1048576K
}
Event: 55.725 GC heap before
{Heap before GC invocations=16 (full 3):
 PSYoungGen      total 194048K, used 177152K [0x00000000e0000000, 0x00000000edc00000, 0x0000000100000000)
  eden space 177152K, 100% used [0x00000000e0000000,0x00000000ead00000,0x00000000ead00000)
  from space 16896K, 0% used [0x00000000ec280000,0x00000000ec280000,0x00000000ed300000)
  to   space 22016K, 0% used [0x00000000ead00000,0x00000000ead00000,0x00000000ec280000)
 ParOldGen       total 97280K, used 37634K [0x00000000a0000000, 0x00000000a5f00000, 0x00000000e0000000)
  object space 97280K, 38% used [0x00000000a0000000,0x00000000a24c0ab0,0x00000000a5f00000)
 Metaspace       used 63211K, capacity 65510K, committed 65752K, reserved 1105920K
  class space    used 8655K, capacity 9163K, committed 9216K, reserved 1048576K
Event: 55.751 GC heap after
Heap after GC invocations=16 (full 3):
 PSYoungGen      total 199168K, used 17214K [0x00000000e0000000, 0x00000000efb00000, 0x0000000100000000)
  eden space 177152K, 0% used [0x00000000e0000000,0x00000000e0000000,0x00000000ead00000)
  from space 22016K, 78% used [0x00000000ead00000,0x00000000ebdcf818,0x00000000ec280000)
  to   space 24064K, 0% used [0x00000000ee380000,0x00000000ee380000,0x00000000efb00000)
 ParOldGen       total 97280K, used 37642K [0x00000000a0000000, 0x00000000a5f00000, 0x00000000e0000000)
  object space 97280K, 38% used [0x00000000a0000000,0x00000000a24c2ab0,0x00000000a5f00000)
 Metaspace       used 63211K, capacity 65510K, committed 65752K, reserved 1105920K
  class space    used 8655K, capacity 9163K, committed 9216K, reserved 1048576K
}

