# JRE version: OpenJDK Runtime Environment (8.0_212-b04) (build 1.8.0_212-release-1586-b04)
# Java VM: OpenJDK 64-Bit Server VM (25.212-b04 mixed mode windows-amd64 compressed oops)
Heap:
 PSYoungGen      total 208384K, used 26230K [0x00000000e0000000, 0x00000000eed00000, 0x0000000100000000)
  eden space 191488K, 13% used [0x00000000e0000000,0x00000000e199daa0,0x00000000ebb00000)
  from space 16896K, 0% used [0x00000000ed180000,0x00000000ed180000,0x00000000ee200000)
  to   space 23040K, 0% used [0x00000000ebb00000,0x00000000ebb00000,0x00000000ed180000)
 ParOldGen       total 90624K, used 39757K [0x00000000a0000000, 0x00000000a5880000, 0x00000000e0000000)
  object space 90624K, 43% used [0x00000000a0000000,0x00000000a26d35b8,0x00000000a5880000)
 Metaspace       used 58115K, capacity 60200K, committed 60288K, reserved 1101824K
  class space    used 8034K, capacity 8488K, committed 8576K, reserved 1048576K
GC Heap History (10 events):
Event: 40.830 GC heap before
{Heap before GC invocations=11 (full 1):
 PSYoungGen      total 130048K, used 90205K [0x00000000e0000000, 0x00000000eb080000, 0x0000000100000000)
  eden space 120832K, 67% used [0x00000000e0000000,0x00000000e4f1e3a8,0x00000000e7600000)
  from space 9216K, 99% used [0x00000000e7600000,0x00000000e7ef9140,0x00000000e7f00000)
  to   space 11776K, 0% used [0x00000000ea500000,0x00000000ea500000,0x00000000eb080000)
 ParOldGen       total 33792K, used 10380K [0x00000000a0000000, 0x00000000a2100000, 0x00000000e0000000)
  object space 33792K, 30% used [0x00000000a0000000,0x00000000a0a233d0,0x00000000a2100000)
 Metaspace       used 34713K, capacity 35430K, committed 35496K, reserved 1079296K
  class space    used 4772K, capacity 4950K, committed 4992K, reserved 1048576K
Event: 40.849 GC heap after
Heap after GC invocations=11 (full 1):
 PSYoungGen      total 163328K, used 11240K [0x00000000e0000000, 0x00000000eb000000, 0x0000000100000000)
  eden space 152064K, 0% used [0x00000000e0000000,0x00000000e0000000,0x00000000e9480000)
  from space 11264K, 99% used [0x00000000ea500000,0x00000000eaffa168,0x00000000eb000000)
  to   space 13312K, 0% used [0x00000000e9600000,0x00000000e9600000,0x00000000ea300000)
 ParOldGen       total 33792K, used 10388K [0x00000000a0000000, 0x00000000a2100000, 0x00000000e0000000)
  object space 33792K, 30% used [0x00000000a0000000,0x00000000a0a253d0,0x00000000a2100000)
 Metaspace       used 34713K, capacity 35430K, committed 35496K, reserved 1079296K
  class space    used 4772K, capacity 4950K, committed 4992K, reserved 1048576K
}
Event: 40.849 GC heap before
{Heap before GC invocations=12 (full 2):
 PSYoungGen      total 163328K, used 11240K [0x00000000e0000000, 0x00000000eb000000, 0x0000000100000000)
  eden space 152064K, 0% used [0x00000000e0000000,0x00000000e0000000,0x00000000e9480000)
  from space 11264K, 99% used [0x00000000ea500000,0x00000000eaffa168,0x00000000eb000000)
  to   space 13312K, 0% used [0x00000000e9600000,0x00000000e9600000,0x00000000ea300000)
 ParOldGen       total 33792K, used 10388K [0x00000000a0000000, 0x00000000a2100000, 0x00000000e0000000)
  object space 33792K, 30% used [0x00000000a0000000,0x00000000a0a253d0,0x00000000a2100000)
 Metaspace       used 34713K, capacity 35430K, committed 35496K, reserved 1079296K
  class space    used 4772K, capacity 4950K, committed 4992K, reserved 1048576K
Event: 40.921 GC heap after
Heap after GC invocations=12 (full 2):
 PSYoungGen      total 163328K, used 0K [0x00000000e0000000, 0x00000000eb000000, 0x0000000100000000)
  eden space 152064K, 0% used [0x00000000e0000000,0x00000000e0000000,0x00000000e9480000)
  from space 11264K, 0% used [0x00000000ea500000,0x00000000ea500000,0x00000000eb000000)
  to   space 13312K, 0% used [0x00000000e9600000,0x00000000e9600000,0x00000000ea300000)
 ParOldGen       total 54272K, used 18001K [0x00000000a0000000, 0x00000000a3500000, 0x00000000e0000000)
  object space 54272K, 33% used [0x00000000a0000000,0x00000000a1194770,0x00000000a3500000)
 Metaspace       used 34704K, capacity 35400K, committed 35496K, reserved 1079296K
  class space    used 4770K, capacity 4945K, committed 4992K, reserved 1048576K
}
Event: 71.561 GC heap before
{Heap before GC invocations=13 (full 2):
 PSYoungGen      total 163328K, used 152064K [0x00000000e0000000, 0x00000000eb000000, 0x0000000100000000)
  eden space 152064K, 100% used [0x00000000e0000000,0x00000000e9480000,0x00000000e9480000)
  from space 11264K, 0% used [0x00000000ea500000,0x00000000ea500000,0x00000000eb000000)
  to   space 13312K, 0% used [0x00000000e9600000,0x00000000e9600000,0x00000000ea300000)
 ParOldGen       total 54272K, used 18001K [0x00000000a0000000, 0x00000000a3500000, 0x00000000e0000000)
  object space 54272K, 33% used [0x00000000a0000000,0x00000000a1194770,0x00000000a3500000)
 Metaspace       used 48725K, capacity 50078K, committed 50176K, reserved 1093632K
  class space    used 6542K, capacity 6880K, committed 6912K, reserved 1048576K
Event: 71.588 GC heap after
Heap after GC invocations=13 (full 2):
 PSYoungGen      total 166912K, used 13304K [0x00000000e0000000, 0x00000000ee200000, 0x0000000100000000)
  eden space 153600K, 0% used [0x00000000e0000000,0x00000000e0000000,0x00000000e9600000)
  from space 13312K, 99% used [0x00000000e9600000,0x00000000ea2fe1c0,0x00000000ea300000)
  to   space 16896K, 0% used [0x00000000ed180000,0x00000000ed180000,0x00000000ee200000)
 ParOldGen       total 54272K, used 23310K [0x00000000a0000000, 0x00000000a3500000, 0x00000000e0000000)
  object space 54272K, 42% used [0x00000000a0000000,0x00000000a16c3830,0x00000000a3500000)
 Metaspace       used 48725K, capacity 50078K, committed 50176K, reserved 1093632K
  class space    used 6542K, capacity 6880K, committed 6912K, reserved 1048576K
}
Event: 83.939 GC heap before
{Heap before GC invocations=14 (full 2):
 PSYoungGen      total 166912K, used 159285K [0x00000000e0000000, 0x00000000ee200000, 0x0000000100000000)
  eden space 153600K, 95% used [0x00000000e0000000,0x00000000e8e8f3c0,0x00000000e9600000)
  from space 13312K, 99% used [0x00000000e9600000,0x00000000ea2fe1c0,0x00000000ea300000)
  to   space 16896K, 0% used [0x00000000ed180000,0x00000000ed180000,0x00000000ee200000)
 ParOldGen       total 54272K, used 23310K [0x00000000a0000000, 0x00000000a3500000, 0x00000000e0000000)
  object space 54272K, 42% used [0x00000000a0000000,0x00000000a16c3830,0x00000000a3500000)
 Metaspace       used 57259K, capacity 59056K, committed 59160K, reserved 1099776K
  class space    used 7911K, capacity 8346K, committed 8448K, reserved 1048576K
Event: 83.982 GC heap after
Heap after GC invocations=14 (full 2):
 PSYoungGen      total 208384K, used 16885K [0x00000000e0000000, 0x00000000eed00000, 0x0000000100000000)
  eden space 191488K, 0% used [0x00000000e0000000,0x00000000e0000000,0x00000000ebb00000)
  from space 16896K, 99% used [0x00000000ed180000,0x00000000ee1fd7b0,0x00000000ee200000)
  to   space 23040K, 0% used [0x00000000ebb00000,0x00000000ebb00000,0x00000000ed180000)
 ParOldGen       total 54272K, used 32026K [0x00000000a0000000, 0x00000000a3500000, 0x00000000e0000000)
  object space 54272K, 59% used [0x00000000a0000000,0x00000000a1f46bf8,0x00000000a3500000)
 Metaspace       used 57259K, capacity 59056K, committed 59160K, reserved 1099776K
  class space    used 7911K, capacity 8346K, committed 8448K, reserved 1048576K
}
Event: 83.982 GC heap before
{Heap before GC invocations=15 (full 3):
 PSYoungGen      total 208384K, used 16885K [0x00000000e0000000, 0x00000000eed00000, 0x0000000100000000)
  eden space 191488K, 0% used [0x00000000e0000000,0x00000000e0000000,0x00000000ebb00000)
  from space 16896K, 99% used [0x00000000ed180000,0x00000000ee1fd7b0,0x00000000ee200000)
  to   space 23040K, 0% used [0x00000000ebb00000,0x00000000ebb00000,0x00000000ed180000)
 ParOldGen       total 54272K, used 32026K [0x00000000a0000000, 0x00000000a3500000, 0x00000000e0000000)
  object space 54272K, 59% used [0x00000000a0000000,0x00000000a1f46bf8,0x00000000a3500000)
 Metaspace       used 57259K, capacity 59056K, committed 59160K, reserved 1099776K
  class space    used 7911K, capacity 8346K, committed 8448K, reserved 1048576K
Event: 84.263 GC heap after
Heap after GC invocations=15 (full 3):
 PSYoungGen      total 208384K, used 0K [0x00000000e0000000, 0x00000000eed00000, 0x0000000100000000)
  eden space 191488K, 0% used [0x00000000e0000000,0x00000000e0000000,0x00000000ebb00000)
  from space 16896K, 0% used [0x00000000ed180000,0x00000000ed180000,0x00000000ee200000)
  to   space 23040K, 0% used [0x00000000ebb00000,0x00000000ebb00000,0x00000000ed180000)
 ParOldGen       total 90624K, used 39757K [0x00000000a0000000, 0x00000000a5880000, 0x00000000e0000000)
  object space 90624K, 43% used [0x00000000a0000000,0x00000000a26d35b8,0x00000000a5880000)
 Metaspace       used 57232K, capacity 58982K, committed 59160K, reserved 1099776K
  class space    used 7903K, capacity 8331K, committed 8448K, reserved 1048576K
}

